C:\USERS\ADMINISTRATOR\DESKTOP\1\READWRITEINI\DEBUG\READWRITEINI.EXE
C:\USERS\ADMINISTRATOR\DESKTOP\1\READWRITEINI\DEBUG\READWRITEINI.ILK
C:\USERS\ADMINISTRATOR\DESKTOP\1\READWRITEINI\DEBUG\READWRITEINI.PDB
C:\Users\Administrator\Desktop\1\ReadWriteIni\ReadWriteIni\Debug\cl.command.1.tlog
C:\Users\Administrator\Desktop\1\ReadWriteIni\ReadWriteIni\Debug\CL.read.1.tlog
C:\Users\Administrator\Desktop\1\ReadWriteIni\ReadWriteIni\Debug\CL.write.1.tlog
C:\Users\Administrator\Desktop\1\ReadWriteIni\ReadWriteIni\Debug\link.6420.read.1.tlog
C:\Users\Administrator\Desktop\1\ReadWriteIni\ReadWriteIni\Debug\link.6420.write.1.tlog
C:\Users\Administrator\Desktop\1\ReadWriteIni\ReadWriteIni\Debug\link.6420-cvtres.read.1.tlog
C:\Users\Administrator\Desktop\1\ReadWriteIni\ReadWriteIni\Debug\link.6420-cvtres.write.1.tlog
C:\Users\Administrator\Desktop\1\ReadWriteIni\ReadWriteIni\Debug\link.command.1.tlog
C:\Users\Administrator\Desktop\1\ReadWriteIni\ReadWriteIni\Debug\link.read.1.tlog
C:\Users\Administrator\Desktop\1\ReadWriteIni\ReadWriteIni\Debug\link.write.1.tlog
C:\Users\Administrator\Desktop\1\ReadWriteIni\ReadWriteIni\Debug\link-cvtres.read.1.tlog
C:\Users\Administrator\Desktop\1\ReadWriteIni\ReadWriteIni\Debug\link-cvtres.write.1.tlog
C:\Users\Administrator\Desktop\1\ReadWriteIni\ReadWriteIni\Debug\mt.command.1.tlog
C:\Users\Administrator\Desktop\1\ReadWriteIni\ReadWriteIni\Debug\mt.read.1.tlog
C:\Users\Administrator\Desktop\1\ReadWriteIni\ReadWriteIni\Debug\mt.write.1.tlog
C:\Users\Administrator\Desktop\1\ReadWriteIni\ReadWriteIni\Debug\rc.command.1.tlog
C:\Users\Administrator\Desktop\1\ReadWriteIni\ReadWriteIni\Debug\rc.read.1.tlog
C:\Users\Administrator\Desktop\1\ReadWriteIni\ReadWriteIni\Debug\rc.write.1.tlog
C:\USERS\ADMINISTRATOR\DESKTOP\1\READWRITEINI\READWRITEINI\DEBUG\READWRITEINI.EXE.EMBED.MANIFEST
C:\USERS\ADMINISTRATOR\DESKTOP\1\READWRITEINI\READWRITEINI\DEBUG\READWRITEINI.EXE.EMBED.MANIFEST.RES
C:\USERS\ADMINISTRATOR\DESKTOP\1\READWRITEINI\READWRITEINI\DEBUG\READWRITEINI.EXE.INTERMEDIATE.MANIFEST
C:\USERS\ADMINISTRATOR\DESKTOP\1\READWRITEINI\READWRITEINI\DEBUG\READWRITEINI.OBJ
C:\Users\Administrator\Desktop\1\ReadWriteIni\ReadWriteIni\Debug\ReadWriteIni.vcxprojResolveAssemblyReference.cache
C:\Users\Administrator\Desktop\1\ReadWriteIni\ReadWriteIni\Debug\ReadWriteIni.write.1.tlog
C:\Users\Administrator\Desktop\1\ReadWriteIni\ReadWriteIni\Debug\ReadWriteIni_manifest.rc
C:\Users\Administrator\Desktop\1\ReadWriteIni\ReadWriteIni\Debug\vc100.idb
C:\USERS\ADMINISTRATOR\DESKTOP\1\READWRITEINI\READWRITEINI\DEBUG\VC100.PDB
