C:\USERS\JUN\DESKTOP\PRO_TEST\LA\DEBUG\LA.EXE
C:\USERS\JUN\DESKTOP\PRO_TEST\LA\DEBUG\LA.ILK
C:\USERS\JUN\DESKTOP\PRO_TEST\LA\DEBUG\LA.PDB
C:\Users\JUN\Desktop\pro_test\LA\LA\Debug\cl.command.1.tlog
C:\Users\JUN\Desktop\pro_test\LA\LA\Debug\CL.read.1.tlog
C:\Users\JUN\Desktop\pro_test\LA\LA\Debug\CL.write.1.tlog
C:\USERS\JUN\DESKTOP\PRO_TEST\LA\LA\DEBUG\LA.EXE.EMBED.MANIFEST
C:\USERS\JUN\DESKTOP\PRO_TEST\LA\LA\DEBUG\LA.EXE.EMBED.MANIFEST.RES
C:\USERS\JUN\DESKTOP\PRO_TEST\LA\LA\DEBUG\LA.EXE.INTERMEDIATE.MANIFEST
C:\USERS\JUN\DESKTOP\PRO_TEST\LA\LA\DEBUG\LA.OBJ
C:\USERS\JUN\DESKTOP\PRO_TEST\LA\LA\DEBUG\LA.PCH
C:\USERS\JUN\DESKTOP\PRO_TEST\LA\LA\DEBUG\LA.RES
C:\Users\JUN\Desktop\pro_test\LA\LA\Debug\LA.vcxprojResolveAssemblyReference.cache
C:\Users\JUN\Desktop\pro_test\LA\LA\Debug\LA.write.1.tlog
C:\Users\JUN\Desktop\pro_test\LA\LA\Debug\LA_manifest.rc
C:\USERS\JUN\DESKTOP\PRO_TEST\LA\LA\DEBUG\LADLG.OBJ
C:\Users\JUN\Desktop\pro_test\LA\LA\Debug\link.12472.read.1.tlog
C:\Users\JUN\Desktop\pro_test\LA\LA\Debug\link.12472.write.1.tlog
C:\Users\JUN\Desktop\pro_test\LA\LA\Debug\link.12472-cvtres.read.1.tlog
C:\Users\JUN\Desktop\pro_test\LA\LA\Debug\link.12472-cvtres.write.1.tlog
C:\Users\JUN\Desktop\pro_test\LA\LA\Debug\link.13368.read.1.tlog
C:\Users\JUN\Desktop\pro_test\LA\LA\Debug\link.13368.write.1.tlog
C:\Users\JUN\Desktop\pro_test\LA\LA\Debug\link.13368-cvtres.read.1.tlog
C:\Users\JUN\Desktop\pro_test\LA\LA\Debug\link.13368-cvtres.write.1.tlog
C:\Users\JUN\Desktop\pro_test\LA\LA\Debug\link.13536.read.1.tlog
C:\Users\JUN\Desktop\pro_test\LA\LA\Debug\link.13536.write.1.tlog
C:\Users\JUN\Desktop\pro_test\LA\LA\Debug\link.13536-cvtres.read.1.tlog
C:\Users\JUN\Desktop\pro_test\LA\LA\Debug\link.13536-cvtres.write.1.tlog
C:\Users\JUN\Desktop\pro_test\LA\LA\Debug\link.13936.read.1.tlog
C:\Users\JUN\Desktop\pro_test\LA\LA\Debug\link.13936.write.1.tlog
C:\Users\JUN\Desktop\pro_test\LA\LA\Debug\link.13936-cvtres.read.1.tlog
C:\Users\JUN\Desktop\pro_test\LA\LA\Debug\link.13936-cvtres.write.1.tlog
C:\Users\JUN\Desktop\pro_test\LA\LA\Debug\link.14028.read.1.tlog
C:\Users\JUN\Desktop\pro_test\LA\LA\Debug\link.14028.write.1.tlog
C:\Users\JUN\Desktop\pro_test\LA\LA\Debug\link.14028-cvtres.read.1.tlog
C:\Users\JUN\Desktop\pro_test\LA\LA\Debug\link.14028-cvtres.write.1.tlog
C:\Users\JUN\Desktop\pro_test\LA\LA\Debug\link.16780.read.1.tlog
C:\Users\JUN\Desktop\pro_test\LA\LA\Debug\link.16780.write.1.tlog
C:\Users\JUN\Desktop\pro_test\LA\LA\Debug\link.16780-cvtres.read.1.tlog
C:\Users\JUN\Desktop\pro_test\LA\LA\Debug\link.16780-cvtres.write.1.tlog
C:\Users\JUN\Desktop\pro_test\LA\LA\Debug\link.16816.read.1.tlog
C:\Users\JUN\Desktop\pro_test\LA\LA\Debug\link.16816.write.1.tlog
C:\Users\JUN\Desktop\pro_test\LA\LA\Debug\link.16816-cvtres.read.1.tlog
C:\Users\JUN\Desktop\pro_test\LA\LA\Debug\link.16816-cvtres.write.1.tlog
C:\Users\JUN\Desktop\pro_test\LA\LA\Debug\link.17776.read.1.tlog
C:\Users\JUN\Desktop\pro_test\LA\LA\Debug\link.17776.write.1.tlog
C:\Users\JUN\Desktop\pro_test\LA\LA\Debug\link.17776-cvtres.read.1.tlog
C:\Users\JUN\Desktop\pro_test\LA\LA\Debug\link.17776-cvtres.write.1.tlog
C:\Users\JUN\Desktop\pro_test\LA\LA\Debug\link.18044.read.1.tlog
C:\Users\JUN\Desktop\pro_test\LA\LA\Debug\link.18044.write.1.tlog
C:\Users\JUN\Desktop\pro_test\LA\LA\Debug\link.18044-cvtres.read.1.tlog
C:\Users\JUN\Desktop\pro_test\LA\LA\Debug\link.18044-cvtres.write.1.tlog
C:\Users\JUN\Desktop\pro_test\LA\LA\Debug\link.18872.read.1.tlog
C:\Users\JUN\Desktop\pro_test\LA\LA\Debug\link.18872.write.1.tlog
C:\Users\JUN\Desktop\pro_test\LA\LA\Debug\link.18872-cvtres.read.1.tlog
C:\Users\JUN\Desktop\pro_test\LA\LA\Debug\link.18872-cvtres.write.1.tlog
C:\Users\JUN\Desktop\pro_test\LA\LA\Debug\link.19216.read.1.tlog
C:\Users\JUN\Desktop\pro_test\LA\LA\Debug\link.19216.write.1.tlog
C:\Users\JUN\Desktop\pro_test\LA\LA\Debug\link.19216-cvtres.read.1.tlog
C:\Users\JUN\Desktop\pro_test\LA\LA\Debug\link.19216-cvtres.write.1.tlog
C:\Users\JUN\Desktop\pro_test\LA\LA\Debug\link.19420.read.1.tlog
C:\Users\JUN\Desktop\pro_test\LA\LA\Debug\link.19420.write.1.tlog
C:\Users\JUN\Desktop\pro_test\LA\LA\Debug\link.19420-cvtres.read.1.tlog
C:\Users\JUN\Desktop\pro_test\LA\LA\Debug\link.19420-cvtres.write.1.tlog
C:\Users\JUN\Desktop\pro_test\LA\LA\Debug\link.19784.read.1.tlog
C:\Users\JUN\Desktop\pro_test\LA\LA\Debug\link.19784.write.1.tlog
C:\Users\JUN\Desktop\pro_test\LA\LA\Debug\link.19784-cvtres.read.1.tlog
C:\Users\JUN\Desktop\pro_test\LA\LA\Debug\link.19784-cvtres.write.1.tlog
C:\Users\JUN\Desktop\pro_test\LA\LA\Debug\link.20180.read.1.tlog
C:\Users\JUN\Desktop\pro_test\LA\LA\Debug\link.20180.write.1.tlog
C:\Users\JUN\Desktop\pro_test\LA\LA\Debug\link.20180-cvtres.read.1.tlog
C:\Users\JUN\Desktop\pro_test\LA\LA\Debug\link.20180-cvtres.write.1.tlog
C:\Users\JUN\Desktop\pro_test\LA\LA\Debug\link.20188.read.1.tlog
C:\Users\JUN\Desktop\pro_test\LA\LA\Debug\link.20188.write.1.tlog
C:\Users\JUN\Desktop\pro_test\LA\LA\Debug\link.20188-cvtres.read.1.tlog
C:\Users\JUN\Desktop\pro_test\LA\LA\Debug\link.20188-cvtres.write.1.tlog
C:\Users\JUN\Desktop\pro_test\LA\LA\Debug\link.2116.read.1.tlog
C:\Users\JUN\Desktop\pro_test\LA\LA\Debug\link.2116.write.1.tlog
C:\Users\JUN\Desktop\pro_test\LA\LA\Debug\link.2116-cvtres.read.1.tlog
C:\Users\JUN\Desktop\pro_test\LA\LA\Debug\link.2116-cvtres.write.1.tlog
C:\Users\JUN\Desktop\pro_test\LA\LA\Debug\link.23964.read.1.tlog
C:\Users\JUN\Desktop\pro_test\LA\LA\Debug\link.23964.write.1.tlog
C:\Users\JUN\Desktop\pro_test\LA\LA\Debug\link.23964-cvtres.read.1.tlog
C:\Users\JUN\Desktop\pro_test\LA\LA\Debug\link.23964-cvtres.write.1.tlog
C:\Users\JUN\Desktop\pro_test\LA\LA\Debug\link.24044.read.1.tlog
C:\Users\JUN\Desktop\pro_test\LA\LA\Debug\link.24044.write.1.tlog
C:\Users\JUN\Desktop\pro_test\LA\LA\Debug\link.24044-cvtres.read.1.tlog
C:\Users\JUN\Desktop\pro_test\LA\LA\Debug\link.24044-cvtres.write.1.tlog
C:\Users\JUN\Desktop\pro_test\LA\LA\Debug\link.25724.read.1.tlog
C:\Users\JUN\Desktop\pro_test\LA\LA\Debug\link.25724.write.1.tlog
C:\Users\JUN\Desktop\pro_test\LA\LA\Debug\link.25724-cvtres.read.1.tlog
C:\Users\JUN\Desktop\pro_test\LA\LA\Debug\link.25724-cvtres.write.1.tlog
C:\Users\JUN\Desktop\pro_test\LA\LA\Debug\link.26984.read.1.tlog
C:\Users\JUN\Desktop\pro_test\LA\LA\Debug\link.26984.write.1.tlog
C:\Users\JUN\Desktop\pro_test\LA\LA\Debug\link.26984-cvtres.read.1.tlog
C:\Users\JUN\Desktop\pro_test\LA\LA\Debug\link.26984-cvtres.write.1.tlog
C:\Users\JUN\Desktop\pro_test\LA\LA\Debug\link.3896.read.1.tlog
C:\Users\JUN\Desktop\pro_test\LA\LA\Debug\link.3896.write.1.tlog
C:\Users\JUN\Desktop\pro_test\LA\LA\Debug\link.3896-cvtres.read.1.tlog
C:\Users\JUN\Desktop\pro_test\LA\LA\Debug\link.3896-cvtres.write.1.tlog
C:\Users\JUN\Desktop\pro_test\LA\LA\Debug\link.5576.read.1.tlog
C:\Users\JUN\Desktop\pro_test\LA\LA\Debug\link.5576.write.1.tlog
C:\Users\JUN\Desktop\pro_test\LA\LA\Debug\link.5576-cvtres.read.1.tlog
C:\Users\JUN\Desktop\pro_test\LA\LA\Debug\link.5576-cvtres.write.1.tlog
C:\Users\JUN\Desktop\pro_test\LA\LA\Debug\link.5796.read.1.tlog
C:\Users\JUN\Desktop\pro_test\LA\LA\Debug\link.5796.write.1.tlog
C:\Users\JUN\Desktop\pro_test\LA\LA\Debug\link.5796-cvtres.read.1.tlog
C:\Users\JUN\Desktop\pro_test\LA\LA\Debug\link.5796-cvtres.write.1.tlog
C:\Users\JUN\Desktop\pro_test\LA\LA\Debug\link.6184.read.1.tlog
C:\Users\JUN\Desktop\pro_test\LA\LA\Debug\link.6184.write.1.tlog
C:\Users\JUN\Desktop\pro_test\LA\LA\Debug\link.6184-cvtres.read.1.tlog
C:\Users\JUN\Desktop\pro_test\LA\LA\Debug\link.6184-cvtres.write.1.tlog
C:\Users\JUN\Desktop\pro_test\LA\LA\Debug\link.9764.read.1.tlog
C:\Users\JUN\Desktop\pro_test\LA\LA\Debug\link.9764.write.1.tlog
C:\Users\JUN\Desktop\pro_test\LA\LA\Debug\link.9764-cvtres.read.1.tlog
C:\Users\JUN\Desktop\pro_test\LA\LA\Debug\link.9764-cvtres.write.1.tlog
C:\Users\JUN\Desktop\pro_test\LA\LA\Debug\link.command.1.tlog
C:\Users\JUN\Desktop\pro_test\LA\LA\Debug\link.read.1.tlog
C:\Users\JUN\Desktop\pro_test\LA\LA\Debug\link.write.1.tlog
C:\Users\JUN\Desktop\pro_test\LA\LA\Debug\link-cvtres.read.1.tlog
C:\Users\JUN\Desktop\pro_test\LA\LA\Debug\link-cvtres.write.1.tlog
C:\Users\JUN\Desktop\pro_test\LA\LA\Debug\mt.command.1.tlog
C:\Users\JUN\Desktop\pro_test\LA\LA\Debug\mt.read.1.tlog
C:\Users\JUN\Desktop\pro_test\LA\LA\Debug\mt.write.1.tlog
C:\Users\JUN\Desktop\pro_test\LA\LA\Debug\rc.command.1.tlog
C:\Users\JUN\Desktop\pro_test\LA\LA\Debug\rc.read.1.tlog
C:\Users\JUN\Desktop\pro_test\LA\LA\Debug\rc.write.1.tlog
C:\USERS\JUN\DESKTOP\PRO_TEST\LA\LA\DEBUG\STDAFX.OBJ
C:\Users\JUN\Desktop\pro_test\LA\LA\Debug\vc100.idb
C:\USERS\JUN\DESKTOP\PRO_TEST\LA\LA\DEBUG\VC100.PDB
