C:\Users\JUN\Desktop\pro_test\LA\LA\Release\cl.command.1.tlog
C:\Users\JUN\Desktop\pro_test\LA\LA\Release\CL.read.1.tlog
C:\Users\JUN\Desktop\pro_test\LA\LA\Release\CL.write.1.tlog
C:\USERS\JUN\DESKTOP\PRO_TEST\LA\LA\RELEASE\LA.EXE.INTERMEDIATE.MANIFEST
C:\USERS\JUN\DESKTOP\PRO_TEST\LA\LA\RELEASE\LA.OBJ
C:\USERS\JUN\DESKTOP\PRO_TEST\LA\LA\RELEASE\LA.PCH
C:\USERS\JUN\DESKTOP\PRO_TEST\LA\LA\RELEASE\LA.RES
C:\Users\JUN\Desktop\pro_test\LA\LA\Release\LA.write.1.tlog
C:\USERS\JUN\DESKTOP\PRO_TEST\LA\LA\RELEASE\LADLG.OBJ
C:\Users\JUN\Desktop\pro_test\LA\LA\Release\link.command.1.tlog
C:\Users\JUN\Desktop\pro_test\LA\LA\Release\link.read.1.tlog
C:\Users\JUN\Desktop\pro_test\LA\LA\Release\link.write.1.tlog
C:\Users\JUN\Desktop\pro_test\LA\LA\Release\link-cvtres.read.1.tlog
C:\Users\JUN\Desktop\pro_test\LA\LA\Release\link-cvtres.write.1.tlog
C:\Users\JUN\Desktop\pro_test\LA\LA\Release\mt.command.1.tlog
C:\Users\JUN\Desktop\pro_test\LA\LA\Release\mt.read.1.tlog
C:\Users\JUN\Desktop\pro_test\LA\LA\Release\mt.write.1.tlog
C:\Users\JUN\Desktop\pro_test\LA\LA\Release\rc.command.1.tlog
C:\Users\JUN\Desktop\pro_test\LA\LA\Release\rc.read.1.tlog
C:\Users\JUN\Desktop\pro_test\LA\LA\Release\rc.write.1.tlog
C:\USERS\JUN\DESKTOP\PRO_TEST\LA\LA\RELEASE\STDAFX.OBJ
C:\USERS\JUN\DESKTOP\PRO_TEST\LA\LA\RELEASE\VC100.PDB
C:\USERS\JUN\DESKTOP\PRO_TEST\LA\RELEASE\LA.EXE
C:\USERS\JUN\DESKTOP\PRO_TEST\LA\RELEASE\LA.PDB
